2020-04-11 23:23:27 [pool-1-thread-1] INFO  BasePage:54 - Loader mask gone...
2020-04-11 23:23:37 [pool-1-thread-1] INFO  BasePage:54 - Loader mask gone...
2020-04-11 23:24:00 [main] INFO  BasePage:54 - Loader mask gone...
2020-04-11 23:24:09 [main] INFO  BasePage:54 - Loader mask gone...
2020-04-11 23:31:14 [main] INFO  BasePage:54 - Loader mask gone...
2020-04-11 23:31:46 [main] INFO  BasePage:54 - Loader mask gone...
2020-04-11 23:32:31 [main] ERROR BasePage:56 - Loader mask doesn't present.
2020-04-11 23:32:31 [main] ERROR BasePage:57 - org.openqa.selenium.TimeoutException: Expected condition failed: waiting for invisibility of Proxy element for: DefaultElementLocator 'By.cssSelector: div[class='loader-mask shown']' (tried for 13 second(s) with 500 milliseconds interval)
2020-04-11 23:33:15 [main] ERROR BasePage:56 - Loader mask doesn't present.
2020-04-11 23:33:15 [main] ERROR BasePage:57 - org.openqa.selenium.TimeoutException: Expected condition failed: waiting for invisibility of Proxy element for: DefaultElementLocator 'By.cssSelector: div[class='loader-mask shown']' (tried for 13 second(s) with 500 milliseconds interval)
2020-04-11 23:33:24 [main] INFO  BasePage:54 - Loader mask gone...
2020-04-11 23:33:35 [main] INFO  BasePage:54 - Loader mask gone...
2020-04-11 23:33:44 [main] INFO  BasePage:54 - Loader mask gone...
2020-04-11 23:33:53 [main] INFO  BasePage:54 - Loader mask gone...
2020-04-11 23:34:05 [main] INFO  BasePage:54 - Loader mask gone...
2020-04-11 23:34:18 [main] INFO  BasePage:54 - Loader mask gone...
2020-04-11 23:34:31 [main] INFO  BasePage:54 - Loader mask gone...
2020-04-11 23:34:42 [main] INFO  BasePage:54 - Loader mask gone...
2020-04-11 23:34:51 [main] INFO  BasePage:54 - Loader mask gone...
2020-04-11 23:35:00 [main] INFO  BasePage:54 - Loader mask gone...
2020-04-11 23:35:10 [main] INFO  BasePage:54 - Loader mask gone...
2020-04-11 23:35:21 [main] INFO  BasePage:54 - Loader mask gone...
2020-04-11 23:35:38 [main] INFO  BasePage:54 - Loader mask gone...
2020-04-11 23:35:48 [main] INFO  BasePage:54 - Loader mask gone...
2020-04-11 23:51:35 [main] INFO  BasePage:54 - Loader mask gone...
2020-04-11 23:55:59 [main] INFO  BasePage:54 - Loader mask gone...
2020-04-12 00:03:33 [main] INFO  BasePage:54 - Loader mask gone...
2020-04-12 00:07:14 [main] INFO  BasePage:54 - Loader mask gone...
2020-04-12 00:08:46 [main] INFO  BasePage:54 - Loader mask gone...
2020-04-12 00:09:43 [main] INFO  BasePage:54 - Loader mask gone...
2020-04-12 00:10:22 [main] INFO  BasePage:54 - Loader mask gone...
2020-04-12 00:13:35 [main] INFO  BasePage:54 - Loader mask gone...
2020-04-12 00:13:44 [main] INFO  BasePage:54 - Loader mask gone...
2020-04-12 00:13:52 [main] INFO  BasePage:54 - Loader mask gone...
2020-04-12 00:14:01 [main] INFO  BasePage:54 - Loader mask gone...
2020-04-12 00:14:12 [main] INFO  BasePage:54 - Loader mask gone...
2020-04-12 00:14:22 [main] INFO  BasePage:54 - Loader mask gone...
2020-04-12 00:14:34 [main] INFO  BasePage:54 - Loader mask gone...
2020-04-12 00:14:45 [main] INFO  BasePage:54 - Loader mask gone...
2020-04-12 00:14:55 [main] INFO  BasePage:54 - Loader mask gone...
2020-04-12 00:15:06 [main] INFO  BasePage:54 - Loader mask gone...
2020-04-12 00:15:15 [main] INFO  BasePage:54 - Loader mask gone...
2020-04-12 00:15:36 [main] ERROR BasePage:56 - Loader mask doesn't present.
2020-04-12 00:15:36 [main] ERROR BasePage:57 - org.openqa.selenium.TimeoutException: Expected condition failed: waiting for invisibility of [[ChromeDriver: chrome on MAC (9eafa9bf3e5b701a830f689ec2d54f81)] -> css selector: div[class='loader-mask shown']] (tried for 13 second(s) with 500 milliseconds interval)
Build info: version: '3.141.59', revision: 'e82be7d358', time: '2018-11-14T08:17:03'
System info: host: 'Azats-MacBook-Pro.local', ip: 'fe80:0:0:0:1498:3f29:5f3d:b88%en0', os.name: 'Mac OS X', os.arch: 'x86_64', os.version: '10.15.3', java.version: '11.0.2'
Driver info: org.openqa.selenium.chrome.ChromeDriver
Capabilities {acceptInsecureCerts: false, browserName: chrome, browserVersion: 80.0.3987.163, chrome: {chromedriverVersion: 80.0.3987.106 (f68069574609..., userDataDir: /var/folders/tj/w6rzv1lx7lj...}, goog:chromeOptions: {debuggerAddress: localhost:65434}, javascriptEnabled: true, networkConnectionEnabled: false, pageLoadStrategy: normal, platform: MAC, platformName: MAC, proxy: Proxy(), setWindowRect: true, strictFileInteractability: false, timeouts: {implicit: 0, pageLoad: 300000, script: 30000}, unhandledPromptBehavior: dismiss and notify}
Session ID: 9eafa9bf3e5b701a830f689ec2d54f81
2020-04-12 00:15:44 [main] INFO  BasePage:54 - Loader mask gone...
2020-04-12 00:15:53 [main] INFO  BasePage:54 - Loader mask gone...
2020-04-12 00:16:01 [main] INFO  BasePage:54 - Loader mask gone...
2020-04-12 00:16:11 [main] INFO  BasePage:54 - Loader mask gone...
2020-04-12 00:16:21 [main] INFO  BasePage:54 - Loader mask gone...
2020-04-12 00:16:30 [main] INFO  BasePage:54 - Loader mask gone...
2020-04-12 00:16:39 [main] INFO  BasePage:54 - Loader mask gone...
2020-04-13 02:24:34 [main] INFO  BasePage:54 - Loader mask gone...
2020-04-13 02:24:40 [main] INFO  BasePage:54 - Loader mask gone...
2020-04-13 02:24:48 [main] INFO  BasePage:54 - Loader mask gone...
2020-04-13 02:24:55 [main] INFO  BasePage:54 - Loader mask gone...
2020-04-13 02:25:02 [main] INFO  BasePage:54 - Loader mask gone...
2020-04-13 02:25:11 [main] INFO  BasePage:54 - Loader mask gone...
2020-04-15 02:22:25 [main] ERROR BasePage:56 - Loader mask doesn't present.
2020-04-15 02:22:25 [main] ERROR BasePage:57 - org.openqa.selenium.TimeoutException: Expected condition failed: waiting for invisibility of Proxy element for: DefaultElementLocator 'By.cssSelector: div[class='loader-mask shown']' (tried for 13 second(s) with 500 milliseconds interval)
2020-04-15 02:23:39 [pool-1-thread-1] INFO  BasePage:54 - Loader mask gone...
2020-04-15 02:54:09 [pool-1-thread-1] INFO  BasePage:54 - Loader mask gone...
2020-04-15 03:02:47 [pool-1-thread-1] ERROR BasePage:56 - Loader mask doesn't present.
2020-04-15 03:02:47 [pool-1-thread-1] ERROR BasePage:57 - org.openqa.selenium.TimeoutException: Expected condition failed: waiting for invisibility of [[ChromeDriver: chrome on MAC (4b7bc33ca67e3f5693961c66962e0b02)] -> css selector: div[class='loader-mask shown']] (tried for 13 second(s) with 500 milliseconds interval)
Build info: version: '3.141.59', revision: 'e82be7d358', time: '2018-11-14T08:17:03'
System info: host: 'Azats-MacBook-Pro.local', ip: 'fe80:0:0:0:1498:3f29:5f3d:b88%en0', os.name: 'Mac OS X', os.arch: 'x86_64', os.version: '10.15.3', java.version: '11.0.2'
Driver info: org.openqa.selenium.chrome.ChromeDriver
Capabilities {acceptInsecureCerts: false, browserName: chrome, browserVersion: 81.0.4044.92, chrome: {chromedriverVersion: 81.0.4044.69 (6813546031a4b..., userDataDir: /var/folders/tj/w6rzv1lx7lj...}, goog:chromeOptions: {debuggerAddress: localhost:50757}, javascriptEnabled: true, networkConnectionEnabled: false, pageLoadStrategy: normal, platform: MAC, platformName: MAC, proxy: Proxy(), setWindowRect: true, strictFileInteractability: false, timeouts: {implicit: 0, pageLoad: 300000, script: 30000}, unhandledPromptBehavior: dismiss and notify, webauthn:virtualAuthenticators: true}
Session ID: 4b7bc33ca67e3f5693961c66962e0b02
2020-04-15 05:24:26 [main] INFO  BasePage:54 - Loader mask gone...
2020-04-15 05:25:21 [pool-1-thread-1] INFO  BasePage:54 - Loader mask gone...
2020-04-15 05:37:31 [pool-1-thread-1] INFO  BasePage:54 - Loader mask gone...
